Determining if the CL_VERSION_2_2 exist failed with the following output:
Change Dir: /home/kamil/CLionProjects/untitled/cmake-build-debug/CMakeFiles/CMakeTmp

Run Build Command:"/usr/bin/make" "cmTC_1b816/fast"
/usr/bin/make -f CMakeFiles/cmTC_1b816.dir/build.make CMakeFiles/cmTC_1b816.dir/build
make[1]: Entering directory `/home/kamil/CLionProjects/untitled/cmake-build-debug/CMakeFiles/CMakeTmp'
Building C object CMakeFiles/cmTC_1b816.dir/CheckSymbolExists.c.o
/usr/bin/cc   -std=gnu99 -o CMakeFiles/cmTC_1b816.dir/CheckSymbolExists.c.o   -c /home/kamil/CLionProjects/untitled/cmake-build-debug/CMakeFiles/CMakeTmp/CheckSymbolExists.c
/home/kamil/CLionProjects/untitled/cmake-build-debug/CMakeFiles/CMakeTmp/CheckSymbolExists.c: In function ‘main’:
/home/kamil/CLionProjects/untitled/cmake-build-debug/CMakeFiles/CMakeTmp/CheckSymbolExists.c:8:19: error: ‘CL_VERSION_2_2’ undeclared (first use in this function)
   return ((int*)(&CL_VERSION_2_2))[argc];
                   ^
/home/kamil/CLionProjects/untitled/cmake-build-debug/CMakeFiles/CMakeTmp/CheckSymbolExists.c:8:19: note: each undeclared identifier is reported only once for each function it appears in
make[1]: *** [CMakeFiles/cmTC_1b816.dir/CheckSymbolExists.c.o] Error 1
make[1]: Leaving directory `/home/kamil/CLionProjects/untitled/cmake-build-debug/CMakeFiles/CMakeTmp'
make: *** [cmTC_1b816/fast] Error 2

File /home/kamil/CLionProjects/untitled/cmake-build-debug/CMakeFiles/CMakeTmp/CheckSymbolExists.c:
/* */
#include </usr/include/CL/cl.h>

int main(int argc, char** argv)
{
  (void)argv;
#ifndef CL_VERSION_2_2
  return ((int*)(&CL_VERSION_2_2))[argc];
#else
  (void)argc;
  return 0;
#endif
}

Determining if the CL_VERSION_2_1 exist failed with the following output:
Change Dir: /home/kamil/CLionProjects/untitled/cmake-build-debug/CMakeFiles/CMakeTmp

Run Build Command:"/usr/bin/make" "cmTC_e9a93/fast"
/usr/bin/make -f CMakeFiles/cmTC_e9a93.dir/build.make CMakeFiles/cmTC_e9a93.dir/build
make[1]: Entering directory `/home/kamil/CLionProjects/untitled/cmake-build-debug/CMakeFiles/CMakeTmp'
Building C object CMakeFiles/cmTC_e9a93.dir/CheckSymbolExists.c.o
/usr/bin/cc   -std=gnu99 -o CMakeFiles/cmTC_e9a93.dir/CheckSymbolExists.c.o   -c /home/kamil/CLionProjects/untitled/cmake-build-debug/CMakeFiles/CMakeTmp/CheckSymbolExists.c
/home/kamil/CLionProjects/untitled/cmake-build-debug/CMakeFiles/CMakeTmp/CheckSymbolExists.c: In function ‘main’:
/home/kamil/CLionProjects/untitled/cmake-build-debug/CMakeFiles/CMakeTmp/CheckSymbolExists.c:8:19: error: ‘CL_VERSION_2_1’ undeclared (first use in this function)
   return ((int*)(&CL_VERSION_2_1))[argc];
                   ^
/home/kamil/CLionProjects/untitled/cmake-build-debug/CMakeFiles/CMakeTmp/CheckSymbolExists.c:8:19: note: each undeclared identifier is reported only once for each function it appears in
make[1]: *** [CMakeFiles/cmTC_e9a93.dir/CheckSymbolExists.c.o] Error 1
make[1]: Leaving directory `/home/kamil/CLionProjects/untitled/cmake-build-debug/CMakeFiles/CMakeTmp'
make: *** [cmTC_e9a93/fast] Error 2

File /home/kamil/CLionProjects/untitled/cmake-build-debug/CMakeFiles/CMakeTmp/CheckSymbolExists.c:
/* */
#include </usr/include/CL/cl.h>

int main(int argc, char** argv)
{
  (void)argv;
#ifndef CL_VERSION_2_1
  return ((int*)(&CL_VERSION_2_1))[argc];
#else
  (void)argc;
  return 0;
#endif
}

Determining if the CL_VERSION_2_0 exist failed with the following output:
Change Dir: /home/kamil/CLionProjects/untitled/cmake-build-debug/CMakeFiles/CMakeTmp

Run Build Command:"/usr/bin/make" "cmTC_9348e/fast"
/usr/bin/make -f CMakeFiles/cmTC_9348e.dir/build.make CMakeFiles/cmTC_9348e.dir/build
make[1]: Entering directory `/home/kamil/CLionProjects/untitled/cmake-build-debug/CMakeFiles/CMakeTmp'
Building C object CMakeFiles/cmTC_9348e.dir/CheckSymbolExists.c.o
/usr/bin/cc   -std=gnu99 -o CMakeFiles/cmTC_9348e.dir/CheckSymbolExists.c.o   -c /home/kamil/CLionProjects/untitled/cmake-build-debug/CMakeFiles/CMakeTmp/CheckSymbolExists.c
/home/kamil/CLionProjects/untitled/cmake-build-debug/CMakeFiles/CMakeTmp/CheckSymbolExists.c: In function ‘main’:
/home/kamil/CLionProjects/untitled/cmake-build-debug/CMakeFiles/CMakeTmp/CheckSymbolExists.c:8:19: error: ‘CL_VERSION_2_0’ undeclared (first use in this function)
   return ((int*)(&CL_VERSION_2_0))[argc];
                   ^
/home/kamil/CLionProjects/untitled/cmake-build-debug/CMakeFiles/CMakeTmp/CheckSymbolExists.c:8:19: note: each undeclared identifier is reported only once for each function it appears in
make[1]: *** [CMakeFiles/cmTC_9348e.dir/CheckSymbolExists.c.o] Error 1
make[1]: Leaving directory `/home/kamil/CLionProjects/untitled/cmake-build-debug/CMakeFiles/CMakeTmp'
make: *** [cmTC_9348e/fast] Error 2

File /home/kamil/CLionProjects/untitled/cmake-build-debug/CMakeFiles/CMakeTmp/CheckSymbolExists.c:
/* */
#include </usr/include/CL/cl.h>

int main(int argc, char** argv)
{
  (void)argv;
#ifndef CL_VERSION_2_0
  return ((int*)(&CL_VERSION_2_0))[argc];
#else
  (void)argc;
  return 0;
#endif
}

